#0 building with "desktop-linux" instance using docker driver

#1 [internal] load build definition from Dockerfile
#1 transferring dockerfile: 2.78kB 0.0s done
#1 DONE 0.1s

#2 [internal] load metadata for docker.io/library/python:3.11-slim
#2 DONE 4.5s

#3 [internal] load .dockerignore
#3 transferring context: 98B 0.0s done
#3 DONE 0.0s

#4 [1/9] FROM docker.io/library/python:3.11-slim@sha256:f9fa7f851e38bfb19c9de3afbc4b86ae7176ea7aaf94535c31df5458d5849457
#4 resolve docker.io/library/python:3.11-slim@sha256:f9fa7f851e38bfb19c9de3afbc4b86ae7176ea7aaf94535c31df5458d5849457 done
#4 DONE 0.0s

#5 [internal] load build context
#5 transferring context: 6.11kB 0.0s done
#5 DONE 0.0s

#6 [2/9] WORKDIR /app
#6 CACHED

#7 [3/9] COPY requirements.txt .
#7 CACHED

#8 [4/9] RUN pip install --no-cache-dir torch --index-url https://download.pytorch.org/whl/cpu
#8 CACHED

#9 [5/9] RUN pip install --no-cache-dir --default-timeout=120 -r requirements.txt
#9 CACHED

#10 [6/9] RUN python -c "from sentence_transformers import SentenceTransformer; SentenceTransformer('all-MiniLM-L6-v2')"
#10 DONE 96.5s

#11 [7/9] COPY src/ ./src/
#11 DONE 0.1s

#12 [8/9] COPY chroma_db/ ./chroma_db/
#12 DONE 0.1s

#13 [9/9] COPY data/ ./data/
#13 DONE 0.1s

#14 exporting to image
#14 exporting layers
#14 exporting layers 0.2s done
#14 writing image sha256:0bfe85dceff36f98222be8c267f114fa126afaa0d550c40a6ba1412b8172e7cf done
#14 naming to docker.io/library/docchat:latest done
#14 DONE 0.3s

View build details: docker-desktop://dashboard/build/desktop-linux/desktop-linux/bxlk1qzp34wjvd8t2rd97dpgs
